<?xml version="1.0" encoding="UTF-8"?>
<testsuites name="jest tests" tests="2" failures="1" errors="0" time="0.715">
  <testsuite name="Tests IIIF Converter Health" errors="0" failures="1" skipped="0" timestamp="2022-01-06T21:59:06" time="0.593" tests="2">
    <testcase classname="Tests IIIF Converter Health Successful response from version route" name="Tests IIIF Converter Health Successful response from version route" time="0.128">
    </testcase>
    <testcase classname="Tests IIIF Validator Health Successful response from version route" name="Tests IIIF Validator Health Successful response from version route" time="0.12">
      <failure>TypeError: Cannot read property &apos;status&apos; of undefined
    at Object.&lt;anonymous&gt; (/Users/dougsimon/projects/jest_testing/tests/healthchecks.test.js:37:25)
    at processTicksAndRejections (internal/process/task_queues.js:93:5)</failure>
    </testcase>
  </testsuite>
</testsuites>